<?xml version="1.0" encoding="UTF-8"?>
<!-- Generated by org.testng.reporters.JUnitReportReporter -->
<testsuite skipped="0" hostname="DESKTOP-S4EAMHG" name="amzonshoppingtest.cartTest" tests="1" failures="0" timestamp="24 Aug 2019 01:00:41 GMT" time="142.954" errors="0">
  <testcase name="TestWebsiteLaunch" time="142.954" classname="amzonshoppingtest.cartTest"/>
</testsuite> <!-- amzonshoppingtest.cartTest -->
